android/app/build/outputs/mapping/release/seeds.txt
com.example.authentika.MainActivity
com.example.authentika.MainActivity: MainActivity()
...
com.google.android.material.chip.Chip: void setChipIconTintResource(int)
io.flutter.embedding.android.FlutterView: void setVisibility(int)
io.flutter.view.TextureRegistry$SurfaceTextureEntry: long id()
io.flutter.embedding.engine.FlutterJNI: void runBundleAndSnapshotFromLibrary(java.lang.String,java.lang.String,java.lang.String,android.content.res.AssetManager,java.util.List)
io.flutter.embedding.engine.FlutterJNI: void onBeginFrame()
androidx.core.view.WindowInsetsCompat$Impl: boolean isRound()
androidx.core.app.NotificationCompat$BubbleMetadata$Api29Impl: android.app.Notification$BubbleMetadata toPlatform(androidx.core.app.NotificationCompat$BubbleMetadata)
io.grpc.internal.ClientStreamListener$RpcProgress: io.grpc.internal.ClientStreamListener$RpcProgress valueOf(java.lang.String)
androidx.core.view.ViewCompat$Api21Impl: boolean dispatchNestedPreScroll(android.view.View,int,int,int[],int[])
androidx.appcompat.widget.AlertDialogLayout: AlertDialogLayout(android.content.Context,android.util.AttributeSet)
com.google.android.material.textfield.TextInputLayout: void setStartIconContentDescription(java.lang.CharSequence)
androidx.core.view.WindowInsetsCompat$Impl21: androidx.core.view.WindowInsetsCompat consumeStableInsets()
androidx.core.view.WindowInsetsCompat$Impl20: void setOverriddenInsets(androidx.core.graphics.Insets[])
com.google.firestore.v1.StructuredQuery$FieldFilter$Operator: com.google.firestore.v1.StructuredQuery$FieldFilter$Operator[] values()
io.flutter.embedding.engine.renderer.FlutterRenderer$ImageReaderSurfaceProducer: void cleanup()
com.google.android.material.bottomappbar.BottomAppBar$Behavior: BottomAppBar$Behavior(android.content.Context,android.util.AttributeSet)
androidx.appcompat.widget.AppCompatCheckBox: android.content.res.ColorStateList getSupportBackgroundTintList()
androidx.appcompat.view.menu.ListMenuItemView: void setSubMenuArrowVisible(boolean)
androidx.constraintlayout.widget.ConstraintAttribute$AttributeType: androidx.constraintlayout.widget.ConstraintAttribute$AttributeType[] values()
io.flutter.plugins.firebase.core.FlutterFirebasePlugin: com.google.android.gms.tasks.Task getPluginConstantsForFirebaseApp(com.google.firebase.FirebaseApp)
com.journeyapps.barcodescanner.CameraPreview: android.graphics.Rect getFramingRect()
kotlinx.coroutines.CoroutineStart: kotlinx.coroutines.CoroutineStart valueOf(java.lang.String)
androidx.core.view.ViewParentCompat$Api21Impl: void onNestedScroll(android.view.ViewParent,android.view.View,int,int,int,int)
com.google.android.gms.common.api.internal.zzd: zzd()
androidx.activity.Api34Impl: float progress(android.window.BackEvent)
androidx.appcompat.widget.AppCompatTextHelper$Api17Impl: void setTextLocale(android.widget.TextView,java.util.Locale)
com.google.firestore.v1.Write$OperationCase: com.google.firestore.v1.Write$OperationCase[] values()
com.google.firestore.admin.v1.Index$IndexField$Order: com.google.firestore.admin.v1.Index$IndexField$Order[] values()
androidx.core.view.ViewCompat$Api28Impl: void setAutofillId(android.view.View,androidx.core.view.autofill.AutofillIdCompat)
androidx.appcompat.widget.ActionBarOverlayLayout: int getNestedScrollAxes()
com.google.firestore.v1.TargetChange$TargetChangeType: com.google.firestore.v1.TargetChange$TargetChangeType valueOf(java.lang.String)
androidx.window.core.VerificationMode: androidx.window.core.VerificationMode[] values()
androidx.core.view.accessibility.AccessibilityNodeInfoCompat$Api30Impl: void setStateDescription(android.view.accessibility.AccessibilityNodeInfo,java.lang.CharSequence)
com.google.android.material.chip.Chip: void setGravity(int)
com.journeyapps.barcodescanner.CameraPreview: void setFramingRectSize(com.journeyapps.barcodescanner.Size)
androidx.core.view.WindowInsetsCompat$Impl28: androidx.core.view.DisplayCutoutCompat getDisplayCutout()