android/app/build/outputs/mapping/release/usage.txt
com.example.authentika.R$drawable
com.example.authentika.R$mipmap
com.example.authentika.R$style
com.example.authentika.R
...
com.google.zxing.EncodeHintType
com.google.zxing.InvertedLuminanceSource:
    public com.google.zxing.LuminanceSource crop(int,int,int,int)
    public boolean isCropSupported()
    public com.google.zxing.LuminanceSource rotateCounterClockwise45()
com.google.zxing.LuminanceSource:
    public com.google.zxing.LuminanceSource crop(int,int,int,int)
    public boolean isCropSupported()
    public com.google.zxing.LuminanceSource rotateCounterClockwise45()
com.google.zxing.MultiFormatWriter$1
com.google.zxing.MultiFormatWriter
com.google.zxing.PlanarYUVLuminanceSource:
    private static final int THUMBNAIL_SCALE_FACTOR
    public com.google.zxing.LuminanceSource crop(int,int,int,int)
    public int getThumbnailHeight()
    public int getThumbnailWidth()
    public boolean isCropSupported()
    public int[] renderThumbnail()
com.google.zxing.RGBLuminanceSource
com.google.zxing.ReaderException:
    public static void setStackTrace(boolean)
com.google.zxing.Result:
    public int getNumBits()
    public long getTimestamp()
com.google.zxing.Writer
com.google.zxing.WriterException
com.google.zxing.aztec.AztecWriter
com.google.zxing.aztec.decoder.Decoder:
    public static java.lang.String highLevelDecode(boolean[])
com.google.zxing.aztec.detector.Detector:
    public com.google.zxing.aztec.AztecDetectorResult detect()
com.google.zxing.aztec.encoder.AztecCode
com.google.zxing.aztec.encoder.BinaryShiftToken
com.google.zxing.aztec.encoder.Encoder
com.google.zxing.aztec.encoder.HighLevelEncoder$1
com.google.zxing.aztec.encoder.HighLevelEncoder
com.google.zxing.aztec.encoder.SimpleToken
com.google.zxing.aztec.encoder.State
com.google.zxing.aztec.encoder.Token
com.google.zxing.client.android.AmbientLightManager:
    private static final float BRIGHT_ENOUGH_LUX
    private static final float TOO_DARK_LUX
com.google.zxing.client.android.BeepManager:
    private static final float BEEP_VOLUME
    private static final long VIBRATE_DURATION
    public boolean isBeepEnabled()
    public boolean isVibrateEnabled()
    public void setVibrateEnabled(boolean)
com.google.zxing.client.android.BuildConfig
com.google.zxing.client.android.DecodeFormatManager:
    private void <init>()
com.google.zxing.client.android.DecodeHintManager:
    private void <init>()
    static java.util.Map parseDecodeHints(android.net.Uri)
    private static java.util.Map splitQuery(java.lang.String)
com.google.zxing.client.android.InactivityTimer:
    private static final long INACTIVITY_DELAY_MS
com.google.zxing.client.android.Intents$Scan
com.google.zxing.client.android.Intents
com.google.zxing.client.android.R$anim
com.google.zxing.client.android.R$animator
com.google.zxing.client.android.R$attr
com.google.zxing.client.android.R$color:
    public static int androidx_core_ripple_material_light
    public static int androidx_core_secondary_text_default_material_light
    public static int notification_action_color_filter
    public static int notification_icon_bg_color
    public static int ripple_material_light
    public static int secondary_text_default_material_light
    public static int zxing_custom_possible_result_points
    public static int zxing_custom_result_view
    public static int zxing_custom_viewfinder_laser
    public static int zxing_custom_viewfinder_mask
    public static int zxing_status_text
    public static int zxing_transparent
    private void <init>()
com.google.zxing.client.android.R$dimen
com.google.zxing.client.android.R$drawable